current directory: /home/takahashi/projects/furima-39354/vender/bundle/ruby/2.6.0/gems/bootsnap-1.16.0/ext/bootsnap
/home/takahashi/.rbenv/versions/2.6.5/bin/ruby extconf.rb
creating Makefile

current directory: /home/takahashi/projects/furima-39354/vender/bundle/ruby/2.6.0/gems/bootsnap-1.16.0/ext/bootsnap
make DESTDIR\= sitearchdir\=./.gem.20230613-58700-pzl43a sitelibdir\=./.gem.20230613-58700-pzl43a clean

current directory: /home/takahashi/projects/furima-39354/vender/bundle/ruby/2.6.0/gems/bootsnap-1.16.0/ext/bootsnap
make DESTDIR\= sitearchdir\=./.gem.20230613-58700-pzl43a sitelibdir\=./.gem.20230613-58700-pzl43a
compiling bootsnap.c
bootsnap.c: In function ‘bs_rb_fetch’:
bootsnap.c:323:3: warning: ISO C90 forbids mixed declarations and code [-Wdeclaration-after-statement]
  323 |   char * cachedir = RSTRING_PTR(cachedir_v);
      |   ^~~~
bootsnap.c: In function ‘bs_rb_precompile’:
bootsnap.c:350:3: warning: ISO C90 forbids mixed declarations and code [-Wdeclaration-after-statement]
  350 |   char * cachedir = RSTRING_PTR(cachedir_v);
      |   ^~~~
bootsnap.c: At top level:
cc1: note: unrecognized command-line option ‘-Wno-self-assign’ may have been intended to silence earlier diagnostics
cc1: note: unrecognized command-line option ‘-Wno-parentheses-equality’ may have been intended to silence earlier diagnostics
cc1: note: unrecognized command-line option ‘-Wno-constant-logical-operand’ may have been intended to silence earlier diagnostics
linking shared-object bootsnap/bootsnap.so

current directory: /home/takahashi/projects/furima-39354/vender/bundle/ruby/2.6.0/gems/bootsnap-1.16.0/ext/bootsnap
make DESTDIR\= sitearchdir\=./.gem.20230613-58700-pzl43a sitelibdir\=./.gem.20230613-58700-pzl43a install
/usr/bin/install -c -m 0755 bootsnap.so ./.gem.20230613-58700-pzl43a/bootsnap

current directory: /home/takahashi/projects/furima-39354/vender/bundle/ruby/2.6.0/gems/bootsnap-1.16.0/ext/bootsnap
make DESTDIR\= sitearchdir\=./.gem.20230613-58700-pzl43a sitelibdir\=./.gem.20230613-58700-pzl43a clean
