current directory: /home/takahashi/projects/furima-39354/vender/bundle/ruby/2.6.0/gems/unf_ext-0.0.8.2/ext/unf_ext
/home/takahashi/.rbenv/versions/2.6.5/bin/ruby extconf.rb
checking for -lstdc++... yes
creating Makefile

current directory: /home/takahashi/projects/furima-39354/vender/bundle/ruby/2.6.0/gems/unf_ext-0.0.8.2/ext/unf_ext
make DESTDIR\= sitearchdir\=./.gem.20230613-58700-1d9cbul sitelibdir\=./.gem.20230613-58700-1d9cbul clean

current directory: /home/takahashi/projects/furima-39354/vender/bundle/ruby/2.6.0/gems/unf_ext-0.0.8.2/ext/unf_ext
make DESTDIR\= sitearchdir\=./.gem.20230613-58700-1d9cbul sitelibdir\=./.gem.20230613-58700-1d9cbul
compiling unf.cc
cc1plus: warning: command-line option ‘-Wdeclaration-after-statement’ is valid for C/ObjC but not for C++
cc1plus: warning: command-line option ‘-Wimplicit-function-declaration’ is valid for C/ObjC but not for C++
cc1plus: warning: command-line option ‘-Wimplicit-int’ is valid for C/ObjC but not for C++
In file included from /home/takahashi/.rbenv/versions/2.6.5/include/ruby-2.6.0/ruby/ruby.h:2111,
                 from /home/takahashi/.rbenv/versions/2.6.5/include/ruby-2.6.0/ruby.h:33,
                 from unf.cc:3:
/home/takahashi/.rbenv/versions/2.6.5/include/ruby-2.6.0/ruby/intern.h:56:33: warning: ISO C++17 does not allow ‘register’ storage class specifier [-Wregister]
   56 | void rb_mem_clear(register VALUE*, register long);
      |                                 ^
/home/takahashi/.rbenv/versions/2.6.5/include/ruby-2.6.0/ruby/intern.h:56:45: warning: ISO C++17 does not allow ‘register’ storage class specifier [-Wregister]
   56 | void rb_mem_clear(register VALUE*, register long);
      |                                             ^~~~
cc1plus: note: unrecognized command-line option ‘-Wno-self-assign’ may have been intended to silence earlier diagnostics
cc1plus: note: unrecognized command-line option ‘-Wno-parentheses-equality’ may have been intended to silence earlier diagnostics
cc1plus: note: unrecognized command-line option ‘-Wno-constant-logical-operand’ may have been intended to silence earlier diagnostics
linking shared-object unf_ext.so

current directory: /home/takahashi/projects/furima-39354/vender/bundle/ruby/2.6.0/gems/unf_ext-0.0.8.2/ext/unf_ext
make DESTDIR\= sitearchdir\=./.gem.20230613-58700-1d9cbul sitelibdir\=./.gem.20230613-58700-1d9cbul install
/usr/bin/install -c -m 0755 unf_ext.so ./.gem.20230613-58700-1d9cbul

current directory: /home/takahashi/projects/furima-39354/vender/bundle/ruby/2.6.0/gems/unf_ext-0.0.8.2/ext/unf_ext
make DESTDIR\= sitearchdir\=./.gem.20230613-58700-1d9cbul sitelibdir\=./.gem.20230613-58700-1d9cbul clean
