current directory: /home/takahashi/projects/furima-39354/vender/bundle/ruby/2.6.0/gems/date-3.3.3/ext/date
/home/takahashi/.rbenv/versions/2.6.5/bin/ruby extconf.rb
checking for rb_category_warn()... no
checking for timezone in time.h with  -Werror... yes
checking for altzone in time.h with  -Werror... no
creating Makefile

current directory: /home/takahashi/projects/furima-39354/vender/bundle/ruby/2.6.0/gems/date-3.3.3/ext/date
make DESTDIR\= sitearchdir\=./.gem.20230613-58700-1yid8q7 sitelibdir\=./.gem.20230613-58700-1yid8q7 clean

current directory: /home/takahashi/projects/furima-39354/vender/bundle/ruby/2.6.0/gems/date-3.3.3/ext/date
make DESTDIR\= sitearchdir\=./.gem.20230613-58700-1yid8q7 sitelibdir\=./.gem.20230613-58700-1yid8q7
compiling date_core.c
date_core.c: In function ‘datetime_to_time’:
date_core.c:310:5: warning: ISO C90 forbids mixed declarations and code [-Wdeclaration-after-statement]
  310 |     union DateData *adat;\
      |     ^~~~~
date_core.c:9065:9: note: in expansion of macro ‘get_d1a’
 9065 |         get_d1a(self);
      |         ^~~~~~~
date_core.c: At top level:
cc1: note: unrecognized command-line option ‘-Wno-self-assign’ may have been intended to silence earlier diagnostics
cc1: note: unrecognized command-line option ‘-Wno-parentheses-equality’ may have been intended to silence earlier diagnostics
cc1: note: unrecognized command-line option ‘-Wno-constant-logical-operand’ may have been intended to silence earlier diagnostics
compiling date_parse.c
compiling date_strftime.c
compiling date_strptime.c
linking shared-object date_core.so

current directory: /home/takahashi/projects/furima-39354/vender/bundle/ruby/2.6.0/gems/date-3.3.3/ext/date
make DESTDIR\= sitearchdir\=./.gem.20230613-58700-1yid8q7 sitelibdir\=./.gem.20230613-58700-1yid8q7 install
/usr/bin/install -c -m 0755 date_core.so ./.gem.20230613-58700-1yid8q7

current directory: /home/takahashi/projects/furima-39354/vender/bundle/ruby/2.6.0/gems/date-3.3.3/ext/date
make DESTDIR\= sitearchdir\=./.gem.20230613-58700-1yid8q7 sitelibdir\=./.gem.20230613-58700-1yid8q7 clean
